1562816088910	mozrunner::runner	INFO	Running command: "C:\\Program Files\\Mozilla Firefox\\firefox.exe" "-marionette" "-foreground" "-no-remote" "-profile" "C:\\Users\\shank\\AppData\\Local\\Temp\\rust_mozprofile.UvAH4W945xRL"
1562816093482	addons.webextension.screenshots@mozilla.org	WARN	Loading extension 'screenshots@mozilla.org': Reading manifest: Invalid extension permission: mozillaAddons
1562816093482	addons.webextension.screenshots@mozilla.org	WARN	Loading extension 'screenshots@mozilla.org': Reading manifest: Invalid extension permission: telemetry
1562816093482	addons.webextension.screenshots@mozilla.org	WARN	Loading extension 'screenshots@mozilla.org': Reading manifest: Invalid extension permission: resource://pdf.js/
1562816093526	addons.webextension.screenshots@mozilla.org	WARN	Loading extension 'screenshots@mozilla.org': Reading manifest: Invalid extension permission: about:reader*
1562816103782	Marionette	INFO	Listening on port 51645
1562816104324	Marionette	WARN	TLS certificate errors will be ignored for this session
JavaScript warning: resource:///modules/UrlbarView.jsm, line 123: Array.reduce is deprecated; use Array.prototype.reduce instead
[Parent 13164, Gecko_IOThread] WARNING: pipe error: 109: file z:/task_1562361253/build/src/ipc/chromium/src/chrome/common/ipc_channel_win.cc, line 341
[Child 12916, Chrome_ChildThread] WARNING: pipe error: 109: file z:/task_1562361253/build/src/ipc/chromium/src/chrome/common/ipc_channel_win.cc, line 341
[Child 12916, Ch[Parent 13164, Gecko_IOThread] WARNING: pipe error: 109: file z:/task_1562361253/build/src/ipc/chromium/src/chrome/common/ipc_channel_win.cc, line 341
[Child 8532, Chrome_ChildThread] WARNING: pipe error: 109: file z:/task_1562361253/build/src/ipc/chromium/src/chrome/common/ipc_channel_win.cc, line 341
[Child 8532, Chrome_ChildThrea1562816158755	Marionette	INFO	Stopped listening on port 51645

###!!! [Child][RunMessage] Error: Channel closing: too late to send/recv, messages will be lost

[GPU 11072, Chrome_ChildThread] WARNING: pipe error: 109: file z:/task_1562361253/build/src/ipc/chromium/src/chr
###!!! [Child][MessageChannel::SendAndWait] Error: Channel error: cannot send/recv

1562816183089	mozrunner::runner	INFO	Running command: "C:\\Program Files\\Mozilla Firefox\\firefox.exe" "-marionette" "-foreground" "-no-remote" "-profile" "C:\\Users\\shank\\AppData\\Local\\Temp\\rust_mozprofile.KTMaMtmpIBv1"
1562816184034	addons.webextension.screenshots@mozilla.org	WARN	Loading extension 'screenshots@mozilla.org': Reading manifest: Invalid extension permission: mozillaAddons
1562816184034	addons.webextension.screenshots@mozilla.org	WARN	Loading extension 'screenshots@mozilla.org': Reading manifest: Invalid extension permission: telemetry
1562816184034	addons.webextension.screenshots@mozilla.org	WARN	Loading extension 'screenshots@mozilla.org': Reading manifest: Invalid extension permission: resource://pdf.js/
1562816184034	addons.webextension.screenshots@mozilla.org	WARN	Loading extension 'screenshots@mozilla.org': Reading manifest: Invalid extension permission: about:reader*
1562816188799	Marionette	INFO	Listening on port 51707
1562816188905	Marionette	WARN	TLS certificate errors will be ignored for this session
console.error: BroadcastService: 
  receivedBroadcastMessage: handler for
  remote-settings/monitor_changes
  threw error:
  Message: Error: Polling for changes failed: http://%(server)s/dummy/blocklist//buckets/monitor/collections/changes/records?_expected=%221562803205960%22 is not a valid URL..
  Stack:
    remoteSettingsFunction/remoteSettings.pollChanges@resource://services-settings/remote-settings.js:201:13

[Parent 9800, Gecko_IOThread] WARNING: pipe error: 109: file z:/task_1562361253/build/src/ipc/chromium/src/chrome/common/ipc_channel_win.cc, line 341
[Parent 9800, Gecko_IOThread] WARNING: pipe error: 109: file z:/task_1562361253/build/src/ipc/chromium/src/chrome/common/ipc_channel_win.cc, line 341
[Child 8444, Chrome_ChildThread] WARNING: pipe error: 109: file z:/task_1562361253/build/src/ipc/chromium/src/chrome/common/ipc_channel_win.cc, line 341
[Parent 9800, Gecko_IOThread] WARNING: file z:/task_1562361253/build/src/ipc/chromium/src/base/process_util_win.cc, line 160
[Parent 9800, Gecko_IOThread] WARNING: pipe error: 109: file z:/task_1562361253/build/src/ipc/chromium/src/chrome/common/ipc_channel_win.cc, line 341
[Child 976, Chrome_ChildThread] WARNING: pipe error: 109: file z:/task_1562361253/build/src/ipc/chromium/src/chrome/common/ipc_channel_win.cc, line 341
[Child 976, Chrome_ChildThread] WARNING: pipe error: 109: file z:/task_1562361253/build/src/ipc/chromium/src/chrome/common/ipc_channel_win.cc, line 341
1562817141020	Marionette	INFO	Stopped listening on port 51707
[GPU 11792, Chrome_ChildThread] WARNING: pipe error: 109: file z:/task_1562361253/build/src/ipc/
###!!! [Child][MessageChannel::SendAndWait] Error: Channel error: cannot send/recv

ons/changes/records?_expected=%221562803205960%22 is not a valid URL..
  Stack:
    remoteSettingsFunction/remoteSettings.pollChanges@resource://services-settings/remote-settings.js:201:13

[Parent 12960, Gecko_IOThread] WARNING: pipe error: 109: file z:/task_1562361253/build/src/ipc/chromium/src/chrome/common/ipc_channel_win.cc, line 341
[Parent 12960, Gecko_IOThread] WARNING: pipe error: 109: file z:/task_1562361253/build/src/ipc/chromium/src/chrome/common/ipc_channel_win.cc, line 341
[Parent 12960, Gecko_IOThread] WARNING: pipe error: 109: file z:/task_1562361253/build/src/ipc/chromium/src/chrome/common/ipc_channel_win.cc, line 341
[Child 3640, Chrome_ChildThread] WARNING: pipe error: 109: file z:/task_1562361253/build/src/ipc/chromium/src/chrome/common/ipc_channel_win.cc, line 341
[Child 3640, Chrome_ChildThread] WARNING: pipe error: 109: file z:/task_1562361253/build/src/ipc/chromium/src/chro[mCeh/icldo 12348, Chrome_ChildThread] WARNIN[GC: pipe error: 109: file z:/task_1562361253/build/src/ipc/chromium/src/chrome/common/ipc_channel_win.cc, line 341
[Child 12348, Chrome_ChildThread] WARNING: pipe error: 109: file z:/task_1562361253/build/src/ipc/chromium/src/chrome/common/ipc_channel_win.cc, lmmon/ipc_channel_win.cc, line 341
hild 12536, Chrome_ChildThread] WARNING: pipe error: 109: file z:/task_1562361253/build/src/ipc/chromium/src/chrome/common/ipc_channel_win.cc, line 341
[Child [Parent 12960, Gecko_IOThread] WARNING: file z:/task_1562361253/build/src/ipc/chromium/src/base/process_util_win.cc, line 160
1562816849745	Marionette	INFO	Stopped listening on port 51785
[GPU 9792, Chrome_ChildThread] WARNING: pipe error: 109: file z:/task_1562361253/build/src/ipc/chromium/src/chrom1562816861833	mozrunner::runner	INFO	Running command: "C:\\Program Files\\Mozilla Firefox\\firefox.exe" "-marionette" "-foreground" "-no-remote" "-profile" "C:\\Users\\shank\\AppData\\Local\\Temp\\rust_mozprofile.EbRYe6rpPQoq"
1562816864734	addons.webextension.screenshots@mozilla.org	WARN	Loading extension 'screenshots@mozilla.org': Reading manifest: Invalid extension permission: mozillaAddons
1562816864735	addons.webextension.screenshots@mozilla.org	WARN	Loading extension 'screenshots@mozilla.org': Reading manifest: Invalid extension permission: telemetry
1562816864735	addons.webextension.screenshots@mozilla.org	WARN	Loading extension 'screenshots@mozilla.org': Reading manifest: Invalid extension permission: resource://pdf.js/
1562816864735	addons.webextension.screenshots@mozilla.org	WARN	Loading extension 'screenshots@mozilla.org': Reading manifest: Invalid extension permission: about:reader*
1562816869834	Marionette	INFO	Listening on port 51849
1562816870255	Marionette	WARN	TLS certificate errors will be ignored for this session
console.error: BroadcastService: 
  receivedBroadcastMessage: handler for
  remote-settings/monitor_changes
  threw error:
  Message: Error: Polling for changes failed: http://%(server)s/dummy/blocklist//buckets/monitor/collections/changes/records?_expected=%221562803205960%22 is not a valid URL..
  Stack:
    remoteSettingsFunction/remoteSettings.pollChanges@resource://services-settings/remote-settings.js:201:13

console.warn: "Error while detaching the thread front: 'detach' request packet to 'server1.conn0.child1/context18' can't be sent as the connection is closed."
JavaScript error: resource://devtools/shared/protocol.js, line 1299: Error: Connection closed, pending request to server1.conn0.child1/highlighter22, type showBoxModel failed

Request stack:
request@resource://devtools/shared/protocol.js:1386:14
generateRequestMethods/</frontProto[name]@resource://devtools/shared/protocol.js:1510:19
highlight@resource://devtools/shared/fronts/highlighters.js:73:16
buildButton/button.onBreadcrumbsHover@resource://devtools/client/inspector/breadcrumbs.js:734:34
handleMouseOver@resource://devtools/client/inspector/breadcrumbs.js:580:14
handleEvent@resource://devtools/client/inspector/breadcrumbs.js:535:12

JavaScript error: resource://devtools/shared/protocol.js, line 1299: Error: Connection closed, pending request to server1.conn0.child1/highlighter22, type hideBoxModel failed

Request stack:
request@resource://devtools/shared/protocol.js:1386:14
generateRequestMethods/</frontProto[name]@resource://devtools/shared/protocol.js:1510:19
unhighlight@resource://devtools/shared/fronts/highlighters.js:91:18
handleMouseOut@resource://devtools/client/inspector/breadcrumbs.js:589:32
handleEvent@resource://devtools/client/inspector/breadcrumbs.js:537:12

IPDL protocol error: Handler returned error code!

###!!! [Parent][DispatchAsyncMessage] Error: PLayerTransaction::Msg_ReleaseLayer Processing error: message was deserialized, but the handler returned false (indicating failure)

IPDL protocol error: Handler returned error code!

###!!! [Parent][DispatchAsyncMessage] Error: PLayerTransaction::Msg_ReleaseLayer Processing error: message was deserialized, but the handler returned false (indicating failure)

IPDL protocol error: Handler returned error code!

###!!! [Parent][DispatchAsyncMessage] Error: PLayerTransaction::Msg_ReleaseLayer Processing error: message was deserialized, but the handler returned false (indicating failure)

IPDL protocol error: Handler returned error code!

###!!! [Parent][DispatchAsyncMessage] Error: PLayerTransaction::Msg_ReleaseLayer Processing error: message was deserialized, but the handler returned false (indicating failure)

IPDL protocol error: Handler returned error code!

###!!! [Parent][DispatchAsyncMessage] Error: PLayerTransaction::Msg_ReleaseLayer Processing error: message was deserialized, but the handler returned false (indicating failure)

IPDL protocol error: Handler returned error code!

###!!! [Parent][DispatchAsyncMessage] Error: PLayerTransaction::Msg_ReleaseLayer Processing error: message was deserialized, but the handler returned false (indicating failure)

[Parent 2680, Gecko_IOThread] WARNING: pipe error: 109: file z:/task_1562361253/build/src/ipc/chromium/src/chrome/common/ipc_channel_win.cc, line 341
[Parent 2680, Gecko_IOThread] WARNING: pipe error: 109: file z:/task_1562361253/build/src/ipc/chromium/src/chrome/common/ipc_channel_win.cc, line 341
[Child 7096, Chrome_ChildThread] WARNING: pipe error: 109: file z:/task_1562361253/build/src/ipc/chromium/src/chrome/common/ipc_channel_win.cc, line 341
[Parent 2680, Gecko_IOThread] WARNING: pipe error: 109: file z:/task_1562361253/build/src/ipc/chromium/src/chrome/common/ipc_channel_win.cc, line 341
[Child 8764, Chrome_ChildThread] WARNING: pipe error: 109: file z:/task_1562361253/build/src/ipc/chromium/src/chrome/common/ipc_channel_win.cc, line 341
1562817872704	Marionette	INFO	Stopped listening on port 51849

###!!! [Child][RunMessage] Error: Channel closing: too late to send/recv, messages will be lost

2376, Gecko_IOThread] WARNING: pipe error: 109: file z:/task_1562361253/build/src/ipc/chromium/src/chrome/common/ipc_channel_win.cc, line 341
[Child 3928, Chrome_ChildThread] WARNING: pipe error: 109: file z:/task_1562361253/build/src/ipc/chromium/src/chrome/common/ipc_channel_win.cc, line 341
[Child 3928, Ch[Child 9632, Chrome_ChildThread] WARNING: pipe error: 109: file z:/task_1562361253/build/src/ipc/chromium/src/chrome/common/ipc_channel_win.cc, line 341
[Child 9632, Chrome_ChildThread] WARNING: pipe error: 109: file z:/task_1562361253/build/src/ipc/chromium/src/chrome/common/ipc_channel_win.cc, line 341
[Parent 12376, Gecko_IOThread] WARNING: pipe error: 109: file z:/task_1562361253/build/src/ipc/chromium/src/chrome/common/ipc_channel_win.cc, line 341
[Parent 12376, Gecko_IOThread] WARNING: pipe error: 109: file z:/task_1562361253/build/src/ipc/chromium/src/chrome/common/ipc_channel_win.cc, line 341
[Child 12868, Chrome_ChildThread] WARNING: pipe error: 109: file z:/task_1562361253/build/src/ipc/chromium/src/chrome/common/ipc_channel_win.cc, line 341
[Child 12868, Chrome_ChildThread] WARNING: pipe error: 109: file z:/task_1562361253/build/src/ipc[Child 13284, Chrome_ChildThread] WARNING: pipe error: 109: file z:/task_1562361253/build/src/ipc/chromium/src/chrome/common/ipc_channel_win.cc, line 341
[Child 13284, Chrome_Ch1562817760420	Marionette	INFO	Stopped listening on port 51971
[GPU 9364, Chrome_ChildThread] WARNING: pipe ///modules/sessionstore/SessionSaver.jsm:354:24\n_saveState@resource:///modules/sessionstore/SessionSaver.jsm:292:17\n_saveStateAsync@resource:///modules/sessionstore/SessionSaver.jsm:338:10\nsaveStateAsyncWhenIdle@resource:///modules/sessionstore/SessionSaver.jsm:189:14\ncallback@resource://gre/modules/Timer.jsm:100:7\n"
[Parent 13076, Gecko_IOThread] WARNING: pipe error: 109: file z:/task_1562361253/build/src/ipc/chromium/src/chrome/common/ipc_channel_win.cc, line 341
[Child 9952, Chrome_ChildThread] WARNING: pipe error: 109: file z:/task_1562361253/build/src/ipc/chromium/src/chrome/common/ipc_channel_win.cc, line 341
[Child 9952, Ch1562817657532	Marionette	INFO	Listening on port 52119
1562817657991	Marionette	WARN	TLS certificate errors will be ignored for this session
console.error: BroadcastService: 
  receivedBroadcastMessage: handler for
  remote-settings/monitor_changes
  threw error:
  Message: Error: Polling for changes failed: http://%(server)s/dummy/blocklist//buckets/monitor/collections/changes/records?_expected=%221562803205960%22 is not a valid URL..
  Stack:
    remoteSettingsFunction/remoteSettings.pollChanges@resource://services-settings/remote-settings.js:201:13

[Parent 13076, Gecko_IOThread] WARNING: pipe error: 109: file z:/task_1562361253/build/src/ipc/chromium/src/chrome/common/ipc_channel_win.cc, line 341
IPDL protocol error: Handler returned error code!

###!!! [Parent][DispatchAsyncMessage] Error: PLayerTransaction::Msg_ReleaseLayer Processing error: message was deserialized, but the handler returned false (indicating failure)

IPDL protocol error: Handler returned error code!

###!!! [Parent][DispatchAsyncMessage] Error: PLayerTransaction::Msg_ReleaseLayer Processing error: message was deserialized, but the handler returned false (indicating failure)

[Parent 13076, Gecko_IOThread] WARNING: pipe error: 109: file z:/task_1562361253/build/src/ipc/chromium/src/chrome/common/ipc_channel_win.cc, line 341
1562817781227	Marionette	INFO	Stopped listening on port 52119

###!!! [Child][RunMessage] Error: Channel closing: too late to send/recv, messages will be lost

[GPU 6004, Chrome_ChildThread] WARNING: pipe error: 109: file z:/task_1562361253/build/
###!!! [Child][MessageChannel::SendAndWait] Error: Channel error: cannot send/recv

1562817901650	mozrunner::runner	INFO	Running command: "C:\\Program Files\\Mozilla Firefox\\firefox.exe" "-marionette" "-foreground" "-no-remote" "-profile" "C:\\Users\\shank\\AppData\\Local\\Temp\\rust_mozprofile.0UUMRI10Cpiq"
1562817903713	addons.webextension.screenshots@mozilla.org	WARN	Loading extension 'screenshots@mozilla.org': Reading manifest: Invalid extension permission: mozillaAddons
1562817903714	addons.webextension.screenshots@mozilla.org	WARN	Loading extension 'screenshots@mozilla.org': Reading manifest: Invalid extension permission: telemetry
1562817903714	addons.webextension.screenshots@mozilla.org	WARN	Loading extension 'screenshots@mozilla.org': Reading manifest: Invalid extension permission: resource://pdf.js/
1562817903714	addons.webextension.screenshots@mozilla.org	WARN	Loading extension 'screenshots@mozilla.org': Reading manifest: Invalid extension permission: about:reader*
1562817907505	Marionette	INFO	Listening on port 52237
1562817907706	Marionette	WARN	TLS certificate errors will be ignored for this session
JavaScript error: https://abs.twimg.com/k/en/13.video_player.en.951b28b0770bad1015cc.js, line 17: TypeError: e.source is undefined
JavaScript error: https://abs.twimg.com/k/en/13.video_player.en.951b28b0770bad1015cc.js, line 17: TypeError: e.source is undefined
JavaScript error: https://abs.twimg.com/k/en/13.video_player.en.951b28b0770bad1015cc.js, line 17: TypeError: e.source is undefined
JavaScript error: https://abs.twimg.com/k/en/13.video_player.en.951b28b0770bad1015cc.js, line 17: TypeError: e.source is undefined
JavaScript error: https://abs.twimg.com/k/en/13.video_player.en.951b28b0770bad1015cc.js, line 17: TypeError: e.source is undefined
JavaScript error: https://abs.twimg.com/k/en/13.video_player.en.951b28b0770bad1015cc.js, line 17: TypeError: e.source is undefined
JavaScript error: https://abs.twimg.com/k/en/13.video_player.en.951b28b0770bad1015cc.js, line 17: TypeError: e.source is undefined
JavaScript error: https://abs.twimg.com/k/en/13.video_player.en.951b28b0770bad1015cc.js, line 17: TypeError: e.source is undefined
JavaScript error: https://abs.twimg.com/k/en/13.video_player.en.951b28b0770bad1015cc.js, line 17: TypeError: e.source is undefined
JavaScript error: https://abs.twimg.com/k/en/13.video_player.en.951b28b0770bad1015cc.js, line 17: TypeError: e.source is undefined
JavaScript error: https://abs.twimg.com/k/en/13.video_player.en.951b28b0770bad1015cc.js, line 17: TypeError: e.source is undefined
JavaScript error: https://abs.twimg.com/k/en/13.video_player.en.951b28b0770bad1015cc.js, line 17: TypeError: e.source is undefined
JavaScript error: https://abs.twimg.com/k/en/13.video_player.en.951b28b0770bad1015cc.js, line 17: TypeError: e.source is undefined
JavaScript error: https://abs.twimg.com/k/en/13.video_player.en.951b28b0770bad1015cc.js, line 17: TypeError: e.source is undefined
JavaScript error: https://abs.twimg.com/k/en/13.video_player.en.951b28b0770bad1015cc.js, line 17: TypeError: e.source is undefined
JavaScript error: https://abs.twimg.com/k/en/13.video_player.en.951b28b0770bad1015cc.js, line 17: TypeError: e.source is undefined
JavaScript error: https://abs.twimg.com/k/en/13.video_player.en.951b28b0770bad1015cc.js, line 17: TypeError: e.source is undefined
JavaScript error: https://abs.twimg.com/k/en/13.video_player.en.951b28b0770bad1015cc.js, line 17: TypeError: e.source is undefined
JavaScript error: https://abs.twimg.com/k/en/13.video_player.en.951b28b0770bad1015cc.js, line 17: TypeError: e.source is undefined
JavaScript error: https://abs.twimg.com/k/en/13.video_player.en.951b28b0770bad1015cc.js, line 17: TypeError: e.source is undefined
JavaScript error: https://abs.twimg.com/k/en/13.video_player.en.951b28b0770bad1015cc.js, line 17: TypeError: e.source is undefined
JavaScript error: https://abs.twimg.com/k/en/13.video_player.en.951b28b0770bad1015cc.js, line 17: TypeError: e.source is undefined
JavaScript error: https://abs.twimg.com/k/en/13.video_player.en.951b28b0770bad1015cc.js, line 17: TypeError: this.getCurrentTrack(...) is undefined
JavaScript error: https://abs.twimg.com/k/en/13.video_player.en.951b28b0770bad1015cc.js, line 17: TypeError: e.source is undefined
[Parent 5928, Gecko_IOThread] WARNING: pipe error: 109: file z:/task_1562361253/build/src/ipc/chromium/src/chrome/common/ipc_channel_win.cc, line 341
console.error: BroadcastService: 
  receivedBroadcastMessage: handler for
  remote-settings/monitor_changes
  threw error:
  Message: Error: Polling for changes failed: http://%(server)s/dummy/blocklist//buckets/monitor/collections/changes/records?_expected=%221562803205960%22 is not a valid URL..
  Stack:
    remoteSettingsFunction/remoteSettings.pollChanges@resource://services-settings/remote-settings.js:201:13

[Parent 5928, Gecko_IOThread] WARNING: pipe error: 109: file z:/task_1562361253/build/src/ipc/chromium/src/chrome/common/ipc_channel_win.cc, line 341
[Child 12720, Chrome_ChildThread] WARNING: pipe error: 109: file z:/task_1562361253/build/src/ipc/chromium/src/chrome/common/ipc_channel_win.cc, line 341
[Child 12720, Chrome_ChildThread] WARNING: pipe error: 109: file z:/task_15[Parent 5928, Gecko_IOThread] WARNING: pipe error: 109: file z:/task_1562361253/build/src/ipc/chromium/src/chrome/common/ipc_channel_win.cc, line 458

###!!! [Parent][MessageChannel] Error: (msgtype=0x350068,name=PContent::Msg_SuspendInputEventQueue) Channel error: cannot send/recv


###!!! [Parent][MessageChannel] Error: (msgtype=0x350066,name=PContent::Msg_FlushInputEventQueue) Channel error: cannot send/recv


###!!! [Parent][MessageChannel] Error: (msgtype=0x350067,name=PContent::Msg_ResumeInputEventQueue) Channel error: cannot send/recv


###!!! [Parent][MessageChannel] Error: (msgtype=0x350048,name=PContent::Msg_Shutdown) Channel error: cannot send/recv

JavaScript error: resource:///modules/sessionstore/SessionStore.jsm, line 1667: TypeError: subject.QueryInterface is not a function
A content process crashed and MOZ_CRASHREPORTER_SHUTDOWN is set, shutting down
[Parent 5928, Gecko_IOThread] WARNING: pipe error: 109: file z:/task_1562361253/build/src/ipc/chromium/src/chrome/common/ipc_channel_win.cc, line 341
[Child 11548, Chrome_ChildThread] WARNING: pipe error: 109: file z:/task_1562361253/build/src/ipc/chromium/src/chrome/common/ipc_channel_win.cc, line 341
[Child 11548, Chrome_ChildT1562821015738	Marionette	INFO	Stopped listening on port 52237

###!!! [Child][RunMessage] Error: Channel closing: too late to send/recv, messages will be lost

[GPU 13820, Chrome_Child
###!!! [Child][MessageChannel::SendAndWait] Error: Channel error: cannot send/recv

no-remote" "-profile" "C:\\Users\\shank\\AppData\\Local\\Temp\\rust_mozprofile.aEiGWcXIdVM4"
1562818309929	addons.webextension.screenshots@mozilla.org	WARN	Loading extension 'screenshots@mozilla.org': Reading manifest: Invalid extension permission: mozillaAddons
1562818309929	addons.webextension.screenshots@mozilla.org	WARN	Loading extension 'screenshots@mozilla.org': Reading manifest: Invalid extension permission: telemetry
1562818309929	addons.webextension.screenshots@mozilla.org	WARN	Loading extension 'screenshots@mozilla.org': Reading manifest: Invalid extension permission: resource://pdf.js/
1562818309929	addons.webextension.screenshots@mozilla.org	WARN	Loading extension 'screenshots@mozilla.org': Reading manifest: Invalid extension permission: about:reader*
1562818314136	Marionette	INFO	Listening on port 52463
1562818314410	Marionette	WARN	TLS certificate errors will be ignored for this session
JavaScript error: resource://gre/modules/UrlClassifierListManager.jsm, line 601: TypeError: this.tablesData[table] is undefined
[Parent 8320, Gecko_IOThread] WARNING: pipe error: 109: file z:/task_1562361253/build/src/ipc/chromium/src/chrome/common/ipc_channel_win.cc, line 341
[Child 13452, C[Parent 8320, Gecko_IOThread] WARNING: pipe error: 109: file z:/task_1562361253/build/src/ipc/chromium/src/chrome/common/ipc_channel_win.cc, line 341
[Child 7576, Chrome_ChildThread] WARNING: pipe error: 109: file z:/task_1562361253/build/src/ipc/chromium/src/chrome/common/ipc_channel_win.cc, line 341
[Child 751562818334661	Marionette	INFO	Stopped listening on port 52463

###!!! [Child][RunMessage] Error: Channel closing: too late to send/recv, messages will be lost

[GPU 12200, Chrome_ChildThread] WARNING: pipe error: 109: file z:/task_1562361253/build/src/ipc/chromium/src/c
###!!! [Child][MessageChannel::SendAndWait] Error: Channel error: cannot send/recv

1562818761806	mozrunner::runner	INFO	Running command: "C:\\Program Files\\Mozilla Firefox\\firefox.exe" "-marionette" "-foreground" "-no-remote" "-profile" "C:\\Users\\shank\\AppData\\Local\\Temp\\rust_mozprofile.bCHG8Rw9qspL"
1562818763229	addons.webextension.screenshots@mozilla.org	WARN	Loading extension 'screenshots@mozilla.org': Reading manifest: Invalid extension permission: mozillaAddons
1562818763230	addons.webextension.screenshots@mozilla.org	WARN	Loading extension 'screenshots@mozilla.org': Reading manifest: Invalid extension permission: telemetry
1562818763230	addons.webextension.screenshots@mozilla.org	WARN	Loading extension 'screenshots@mozilla.org': Reading manifest: Invalid extension permission: resource://pdf.js/
1562818763230	addons.webextension.screenshots@mozilla.org	WARN	Loading extension 'screenshots@mozilla.org': Reading manifest: Invalid extension permission: about:reader*
1562818769742	Marionette	INFO	Listening on port 52621
1562818770846	Marionette	WARN	TLS certificate errors will be ignored for this session
JavaScript error: https://abs.twimg.com/k/en/init.en.061c4923cbd7c686d118.js, line 1: Error: Loading chunk 0 failed.
[Parent 9456, Gecko_IOThread] WARNING: pipe error: 109: file z:/task_1562361253/build/src/ipc/chromium/src/chrome/common/ipc_channel_win.cc, line 341
[Parent 9456, Gecko_IOThread] WARNING: pipe error: 109: file z:/task_1562361253/build/src/ipc/chromium/src/chrome/common/ipc_channel_win.cc, line 341
[Child 12308, Chrome_ChildThread] WARNING: pipe error: 109: file z:/task_1562361253/build/src/ipc/chromium/src/chrome/common/ipc_channel_win.cc, line 341
[Child 12308[Parent 9456, Gecko_IOThread] WARNING: file z:/task_1562361253/build/src/ipc/chromium/src/base/process_util_win.cc, line 160
[Parent 9456, Gecko_IOThread] WARNING: pipe error: 109: file z:/task_1562361253/build/src/ipc/chromium/src/chrome/common/ipc_channel_win.cc, line 341
[Parent 9456, Gecko_IOThread] WARNING: pipe error: 109: file z:/task_1562361253/build/src/ipc/chromium/src/chrome/common/ipc_channel_win.cc, line 341
[Child 7016, Chrome_ChildThread] WARNING: pipe error: 109: file z:/task_1562361253/build/src/ipc/chromium/src/chrome/common/ipc_channel_win.cc, line 341
[Child 7016, Chr1562818862415	Marionette	INFO	Stopped listening on port 52621
[GPU 8448, Chrome_ChildThread] WARNING: pip
###!!! [Child][MessageChannel::SendAndWait] Error: Channel error: cannot send/recv

1562819127026	mozrunner::runner	INFO	Running command: "C:\\Program Files\\Mozilla Firefox\\firefox.exe" "-marionette" "-foreground" "-no-remote" "-profile" "C:\\Users\\shank\\AppData\\Local\\Temp\\rust_mozprofile.BJFCoyDIJ3gi"
1562819130422	addons.webextension.screenshots@mozilla.org	WARN	Loading extension 'screenshots@mozilla.org': Reading manifest: Invalid extension permission: mozillaAddons
1562819130423	addons.webextension.screenshots@mozilla.org	WARN	Loading extension 'screenshots@mozilla.org': Reading manifest: Invalid extension permission: telemetry
1562819130423	addons.webextension.screenshots@mozilla.org	WARN	Loading extension 'screenshots@mozilla.org': Reading manifest: Invalid extension permission: resource://pdf.js/
1562819130423	addons.webextension.screenshots@mozilla.org	WARN	Loading extension 'screenshots@mozilla.org': Reading manifest: Invalid extension permission: about:reader*
1562819135810	Marionette	INFO	Listening on port 52730
[Parent 12640, Gecko_IOThread] WARNING: pipe error: 109: file z:/task_1562361253/build/src/ipc/chromium/src/chrome/common/ipc_channel_win.cc, line 341
[Child 12588, Chrome_ChildThread] WARNING: pipe error: 109: file z:/task_1562361253/build/src/ipc/chromium/src/chrome/common/ipc_channel_win.cc, line 341
[Child 12588, 1562819136392	Marionette	WARN	TLS certificate errors will be ignored for this session
JavaScript error: https://abs.twimg.com/k/en/init.en.061c4923cbd7c686d118.js, line 1: Error: Loading chunk 0 failed.
console.error: BroadcastService: 
  receivedBroadcastMessage: handler for
  remote-settings/monitor_changes
  threw error:
  Message: Error: Polling for changes failed: http://%(server)s/dummy/blocklist//buckets/monitor/collections/changes/records?_expected=%221562803205960%22 is not a valid URL..
  Stack:
    remoteSettingsFunction/remoteSettings.pollChanges@resource://services-settings/remote-settings.js:201:13

[Parent 12640, Gecko_IOThread] WARNING: pipe error: 109: file z:/task_1562361253/build/src/ipc/chromium/src/chrome/common/ipc_channel_win.cc, line 341
JavaScript error: https://abs.twimg.com/k/en/13.video_player.en.951b28b0770bad1015cc.js, line 9: TypeError: r[e] is undefined
JavaScript error: https://abs.twimg.com/k/en/13.video_player.en.951b28b0770bad1015cc.js, line 9: TypeError: r[e] is undefined
JavaScript error: https://abs.twimg.com/k/en/13.video_player.en.951b28b0770bad1015cc.js, line 9: TypeError: r[e] is undefined
JavaScript error: https://abs.twimg.com/k/en/13.video_player.en.951b28b0770bad1015cc.js, line 9: TypeError: r[e] is undefined
JavaScript error: https://abs.twimg.com/k/en/13.video_player.en.951b28b0770bad1015cc.js, line 9: TypeError: r[e] is undefined
JavaScript error: resource://devtools/client/framework/toolbox.js, line 1518: TypeError: currentPanel is undefined
JavaScript error: https://abs.twimg.com/k/en/13.video_player.en.951b28b0770bad1015cc.js, line 9: TypeError: r[e] is undefined
console.warn: "Error while detaching the thread front: 'detach' request packet to 'server1.conn0.child1/context18' can't be sent as the connection is closed."
[Parent 12640, Gecko_IOThread] WARNING: pipe error: 109: file z:/task_1562361253/build/src/ipc/chromium/src/chrome/common/ipc_channel_win.cc, line 341
[Child 9932, Chrome_ChildThread] WARNING: pipe error: 109: file z:/task_1562361253/build/src/ipc/chromium/src/chrome/common/ipc_channel_win.cc, line 341
[Child 99IPDL protocol error: Handler returned error code!

###!!! [Parent][DispatchAsyncMessage] Error: PLayerTransaction::Msg_ReleaseLayer Processing error: message was deserialized, but the handler returned false (indicating failure)

IPDL protocol error: Handler returned error code!

###!!! [Parent][DispatchAsyncMessage] Error: PLayerTransaction::Msg_ReleaseLayer Processing error: message was deserialized, but the handler returned false (indicating failure)

[Parent 12640, Gecko_IOThread] WARNING: pipe error: 109: file z:/task_1562361253/build/src/ipc/chromium/src/chrome/common/ipc_channel_win.cc, line 341
[Child 7804, Chrome_ChildThread] WARNING: pipe error: 109: file z:/task_1562361253/build/src/ipc/chromium/src/chrome/common/ipc_channel_win.cc, line 341
[Child 7804, Chrome_ChildThread] WARNING: pipe erro[Parent 12640, Gecko_IOThread] WARNING: pipe error: 109: file z:/task_1562361253/build/src/ipc/chromium/src/chrome/common/ipc_channel_win.cc, line 341
[Child 10564, Chrome_ChildThread] WARNING: pipe error: 109: file z:/task_1562361253/build/src/ipc/chromium/src/chrome/common/ipc_channel_win.cc, line 341
[Child 10564, C1562819259337	Marionette	INFO	Stopped listening on port 52730

###!!! [Child][RunMessage] Error: Channel closing: too late to send/recv, messages will be lost

[GPU 3104, Chrome_ChildThread] WARNING: pipe error: 109: file z:/task_1562361253/buil1562819362239	mozrunner::runner	INFO	Running command: "C:\\Program Files\\Mozilla Firefox\\firefox.exe" "-marionette" "-foreground" "-no-remote" "-profile" "C:\\Users\\shank\\AppData\\Local\\Temp\\rust_mozprofile.zbNxvH2GVudv"
1562819363303	addons.webextension.screenshots@mozilla.org	WARN	Loading extension 'screenshots@mozilla.org': Reading manifest: Invalid extension permission: mozillaAddons
1562819363304	addons.webextension.screenshots@mozilla.org	WARN	Loading extension 'screenshots@mozilla.org': Reading manifest: Invalid extension permission: telemetry
1562819363304	addons.webextension.screenshots@mozilla.org	WARN	Loading extension 'screenshots@mozilla.org': Reading manifest: Invalid extension permission: resource://pdf.js/
1562819363304	addons.webextension.screenshots@mozilla.org	WARN	Loading extension 'screenshots@mozilla.org': Reading manifest: Invalid extension permission: about:reader*
1562819367347	Marionette	INFO	Listening on port 52830
1562819367568	Marionette	WARN	TLS certificate errors will be ignored for this session
JavaScript error: https://abs.twimg.com/k/en/init.en.061c4923cbd7c686d118.js, line 1: Error: Loading chunk 0 failed.
console.error: BroadcastService: 
  receivedBroadcastMessage: handler for
  remote-settings/monitor_changes
  threw error:
  Message: Error: Polling for changes failed: http://%(server)s/dummy/blocklist//buckets/monitor/collections/changes/records?_expected=%221562803205960%22 is not a valid URL..
  Stack:
    remoteSettingsFunction/remoteSettings.pollChanges@resource://services-settings/remote-settings.js:201:13

JavaScript warning: resource:///modules/UrlbarView.jsm, line 123: Array.reduce is deprecated; use Array.prototype.reduce instead
[Parent 11188, Gecko_IOThread] WARNING: pipe error: 109: file z:/task_1562361253/build/src/ipc/chromium/src/chrome/common/ipc_channel_win.cc, line 341
[Child 5584, Chrome_ChildThread] WARNING: pipe error: 109: file z:/task_1562361253/build/src/ipc/chromium/src/chrome/common/ipc_channel_win.cc, line 341
[Child 5584, Chrome_ChildThread] WARNING: pipe error: 109: file z:/task_1562361253/build/src/ipcconsole.warn: "Error while detaching the thread front: 'detach' request packet to 'server1.conn0.child1/context18' can't be sent as the connection is closed."
[Parent 11188, Gecko_IOThread] WARNING: pipe error: 109: file z:/task_1562361253/build/src/ipc/chromium/src/chrome/common/ipc_channel_win.cc, line 341
[Child 12628, Chrome_ChildThread] WARNING: pipe error: 109: file z:/task_1562361253/build/src/ipc/chromium/src/chrome/common/ipc_channel_win.cc, line 341
[Parent 11188, Gecko_IOThread] WARNING: pipe error: 109: file z:/task_1562361253/build/src/ipc/chromium/src/chrome/common/ipc_channel_win.cc, line 341

###!!! [Child][MessageChannel] Error: (msgtype=0x4F0015,name=PHal::Msg_DisableScreenConfigurationNotifications) Channel closing: too late to send/recv, messages will be lost

JavaScript error: resource:///modules/sessionstore/SessionStore.jsm, line 1667: TypeError: subject.QueryInterface is not a function
[Parent 11188, Gecko_IOThread] WARNING: pipe error: 232: file z:/task_1562361253/build/src/ipc/chromium/src/chrome/common/ipc_channel_win.cc, line 502
A content process crashed and MOZ_CRASHREPORTER_SHUTDOWN is set, shutting down
[Parent 11188, Gecko_IOThread] WARNING: pipe error: 109: file z:/task_1562361253/build/src/ipc/chromium/src/chrome/common/ipc_channel_win.cc, line 341

###!!! [Parent][MessageChannel] Error: (msgtype=0x52000F,name=PHttpBackgroundChannel::Msg___delete__) Channel error: cannot send/recv

[Child 4292, Chrome_ChildThread] WARNING: pipe error: 109: file z:/task_1562361253/build/src/ipc/chromium/src/chrome/common/ipc_channel_win.cc, line 341
[Child 4292, Chrome_Chi1562820988874	Marionette	INFO	Stopped listening on port 52830

###!!! [Child][RunMessage] Error: Channel closing: too late to send/recv, messages will be lost

sk_1562361253/build/src/ipc/chromium/src/chrome/common/ipc_channel_win.cc, line 341
[Parent 13512, Gecko_IOThread] WARNING: pipe error: 109: file z:/task_1562361253/build/src/ipc/chromium/src/chrome/common/ipc_channel_win.cc, line 341
[Parent 13512, Gecko_IOThread] WARNING: pipe error: 109: file z:/task_1562361253/build/src/ipc/chromium/src/chrome/common/ipc_channel_win.cc, line 341
[Parent 13512, Gecko_IOThread] WARNING: pipe error: 109: file z:/task_1562361253/build/src/ipc/chromium/src/chrome/common/ipc_channel_win.cc, line 341
[Child 2592, Chrome_ChildThread] WARNING: pipe error: 109: file z:/task_1562361253/build/src/ipc/chromium/src/chrome/common/ipc_channel_win.cc, line 341
[Child [Child 12952, Chrome_ChildThread] WARNING: pipe error: 109: file z:/task_1562361253/build/src/ipc/chromium/src/chrome/common/ipc_channel_win.cc, line 341
[Parent 13512, Gecko_IOThread] WARNING: file z:/task_156236125[Child 12952, 3/build/src/ipc/chromium/src/base/process_util_win.cc, line 160
[Parent 13512, Gecko_IOThread] WARNING: pipe error: 109: file z:/task_1562361253/build/src/ipc/chromium/src/chrome/common/ipc_channel_win.cc, line 341
[Child 13052, Chrome_ChildThread] WARNING: pipe error: 109: file z:/task_1562361253/build/src/ipc/chromium/src/chrome/common/ipc_channel_win.cc, line 341
[Child 131562820510823	Marionette	INFO	Stopped listening on port 53153
[GPU 9272, Chrome_ChildT
###!!! [Child][MessageChannel::SendAndWait] Error: Channel error: cannot send/recv

1562820517772	mozrunner::runner	INFO	Running command: "C:\\Program Files\\Mozilla Firefox\\firefox.exe" "-marionette" "-foreground" "-no-remote" "-profile" "C:\\Users\\shank\\AppData\\Local\\Temp\\rust_mozprofile.lmvWhRojbzpJ"
1562820520565	addons.webextension.screenshots@mozilla.org	WARN	Loading extension 'screenshots@mozilla.org': Reading manifest: Invalid extension permission: mozillaAddons
1562820520566	addons.webextension.screenshots@mozilla.org	WARN	Loading extension 'screenshots@mozilla.org': Reading manifest: Invalid extension permission: telemetry
1562820520566	addons.webextension.screenshots@mozilla.org	WARN	Loading extension 'screenshots@mozilla.org': Reading manifest: Invalid extension permission: resource://pdf.js/
1562820520566	addons.webextension.screenshots@mozilla.org	WARN	Loading extension 'screenshots@mozilla.org': Reading manifest: Invalid extension permission: about:reader*
1562820526090	Marionette	INFO	Listening on port 53316
1562820526531	Marionette	WARN	TLS certificate errors will be ignored for this session
JavaScript error: https://abs.twimg.com/k/en/init.en.061c4923cbd7c686d118.js, line 1: Error: Loading chunk 0 failed.
JavaScript warning: resource:///modules/UrlbarView.jsm, line 123: Array.reduce is deprecated; use Array.prototype.reduce instead
[Parent 1328, Gecko_IOThread] WARNING: pipe error: 109: file z:/task_1562361253/build/src/ipc/chromium/src/chrome/common/ipc_channel_win.cc, line 341
[Parent 1328, Gecko_IOThread] WARNING: pipe error: 109: file z:/task_1562361253/build/src/ipc/chromium/src/chrome/common/ipc_channel_win.cc, line 341
[Parent 1328, Gecko_IOThread] WARNING: pipe error: 109: file z:/task_1562361253/build/src/ipc/chromium/src/chrome/common/ipc_channel_win.cc, line 341
[Child 7264, Chrome_ChildThread] WARNING: pipe error: 109: file z:/task_1562361253/build/src/ipc/chromium/src/chrome/common/ipc_channel_win.cc, line 341
[Child 13272, Chrome_ChildThread] WARNING: pipe error: 109: file z:/task_1562361253/build/src/ipc/chromium/src/chrome/common/ipc_channel_win.cc, line 341
[Child 13272, Chrome_ChildThread] WARNING: pipe error: 109: file z:/task_1562361253/build/s[Child 14172, Chrome_ChildThread] WARNING: pipe error: 109: file z:/task_1562361253/build/src/ipc/chromium/src/chrome/common/ipc_channel_win.cc, line 341
[Child 14172[Parent 1328, Gecko_IOThread] WARNING: file z:/task_1562361253/build/src/ipc/chromium/src/base/process_util_win.cc, line 160
[Parent 1328, Gecko_IOThread] WARNING: pipe error: 109: file z:/task_1562361253/build/src/ipc/chromium/src/chrome/common/ipc_channel_win.cc, line 341
1562820797955	Marionette	INFO	Stopped listening on port 53316
[GPU 14100, Chrome_ChildThread] WARNING: pipe error: 109: file z:/task_1562361251562820812117	mozrunner::runner	INFO	Running command: "C:\\Program Files\\Mozilla Firefox\\firefox.exe" "-marionette" "-foreground" "-no-remote" "-profile" "C:\\Users\\shank\\AppData\\Local\\Temp\\rust_mozprofile.jTYaDaOjv81E"
1562820814752	addons.webextension.screenshots@mozilla.org	WARN	Loading extension 'screenshots@mozilla.org': Reading manifest: Invalid extension permission: mozillaAddons
1562820814753	addons.webextension.screenshots@mozilla.org	WARN	Loading extension 'screenshots@mozilla.org': Reading manifest: Invalid extension permission: telemetry
1562820814753	addons.webextension.screenshots@mozilla.org	WARN	Loading extension 'screenshots@mozilla.org': Reading manifest: Invalid extension permission: resource://pdf.js/
1562820814753	addons.webextension.screenshots@mozilla.org	WARN	Loading extension 'screenshots@mozilla.org': Reading manifest: Invalid extension permission: about:reader*
1562820819576	Marionette	INFO	Listening on port 53453
1562820820109	Marionette	WARN	TLS certificate errors will be ignored for this session
console.error: BroadcastService: 
  receivedBroadcastMessage: handler for
  remote-settings/monitor_changes
  threw error:
  Message: Error: Polling for changes failed: http://%(server)s/dummy/blocklist//buckets/monitor/collections/changes/records?_expected=%221562803205960%22 is not a valid URL..
  Stack:
    remoteSettingsFunction/remoteSettings.pollChanges@resource://services-settings/remote-settings.js:201:13

JavaScript error: https://abs.twimg.com/k/en/init.en.061c4923cbd7c686d118.js, line 2: TypeError: sessionStorage is null
IPDL protocol error: Handler returned error code!

###!!! [Parent][DispatchAsyncMessage] Error: PLayerTransaction::Msg_ReleaseLayer Processing error: message was deserialized, but the handler returned false (indicating failure)

[Parent 9112, Gecko_IOThread] WARNING: pipe error: 109: file z:/task_1562361253/build/src/ipc/chromium/src/chrome/common/ipc_channel_win.cc, line 341
[Child 13156, Chrome_ChildThread] WARNING: pipe error: 109: file z:/task_1562361253/build/src/i[pCc/chhild 271r2o,m iCum/src/chrome/common/ipc_channel_win.cc, line 341
hrome_ChildThread] WARNING: pipe error: 109: file z:/task_1562361253/build/src/ipc/chromium/src/chrome/common/ipc_channel_win.cc, line 341
[Child 2712,1562820972320	Marionette	INFO	Stopped listening on port 53453

###!!! [Child][RunMessage] Error: Channel closing: too late to send/recv, messages will be lost

1562821034694	mozrunner::runner	INFO	Running command: "C:\\Program Files\\Mozilla Firefox\\firefox.exe" "-marionette" "-foreground" "-no-remote" "-profile" "C:\\Users\\shank\\AppData\\Local\\Temp\\rust_mozprofile.3JKjqKUbmkEV"
1562821037978	addons.webextension.screenshots@mozilla.org	WARN	Loading extension 'screenshots@mozilla.org': Reading manifest: Invalid extension permission: mozillaAddons
1562821037979	addons.webextension.screenshots@mozilla.org	WARN	Loading extension 'screenshots@mozilla.org': Reading manifest: Invalid extension permission: telemetry
1562821037979	addons.webextension.screenshots@mozilla.org	WARN	Loading extension 'screenshots@mozilla.org': Reading manifest: Invalid extension permission: resource://pdf.js/
1562821037980	addons.webextension.screenshots@mozilla.org	WARN	Loading extension 'screenshots@mozilla.org': Reading manifest: Invalid extension permission: about:reader*
1562821044112	Marionette	INFO	Listening on port 53525
1562821044447	Marionette	WARN	TLS certificate errors will be ignored for this session
JavaScript error: https://abs.twimg.com/k/en/init.en.061c4923cbd7c686d118.js, line 1: Error: Loading chunk 0 failed.
[Child 4472, [Child 97C[76Ch, Chihromerome_C_ChildThrehldia ld] WARNING:3d 30pThread]8i ,pW eAC ehrome_CrRNrhiorlI:dN 1G: pipe error:0T 9h1: 0rf9ei: le z:/task_1fa5id62]l3 e6W 1Az:RNING: pipe253/build //src/etipc/chromium/src/chrome/common/ipc_channel_win.cc, line 341
ask_1562361253/build/src/ipcr/chrromiuor:m /sr109: cf/iclher oz:/me/ctommon/iaspkc__1c5ha6nnel2_win.3c61c, l253ine 341
[/build/src/ipc/chromium/src/chrome/common/ipc_channel_win.cc, line 341
[Parent 8204, Gecko_IOThread] WARNING: pipe error: 109: file z:/task_1562361253/build/src/ipc/chromium/src/chrome/common/ipc_channel_win.cc, line 341
[Child 11840, Chrome_ChildThread] WARNING: pipe error: 109: file z:/task_1562361253/build/src/ipc/chromium/src/chrome/common/ipc_channel_win.cc, line 341
[1562821073708	Marionette	INFO	Stopped listening on port 53525

###!!! [Child][RunMessage] Error: Channel closing: too late to send/recv, messages will be lost

[
###!!! [Child][MessageChannel::SendAndWait] Error: Channel error: cannot send/recv

1562821089701	mozrunner::runner	INFO	Running command: "C:\\Program Files\\Mozilla Firefox\\firefox.exe" "-marionette" "-foreground" "-no-remote" "-profile" "C:\\Users\\shank\\AppData\\Local\\Temp\\rust_mozprofile.CiYElaXsjNMR"
1562821090677	addons.webextension.screenshots@mozilla.org	WARN	Loading extension 'screenshots@mozilla.org': Reading manifest: Invalid extension permission: mozillaAddons
1562821090677	addons.webextension.screenshots@mozilla.org	WARN	Loading extension 'screenshots@mozilla.org': Reading manifest: Invalid extension permission: telemetry
1562821090678	addons.webextension.screenshots@mozilla.org	WARN	Loading extension 'screenshots@mozilla.org': Reading manifest: Invalid extension permission: resource://pdf.js/
1562821090678	addons.webextension.screenshots@mozilla.org	WARN	Loading extension 'screenshots@mozilla.org': Reading manifest: Invalid extension permission: about:reader*
1562821094945	Marionette	INFO	Listening on port 53597
1562821094993	Marionette	WARN	TLS certificate errors will be ignored for this session
JavaScript error: https://abs.twimg.com/k/en/init.en.061c4923cbd7c686d118.js, line 1: Error: Loading chunk 0 failed.
[Parent 7016, Gecko_IOThread] WARNING: pipe error: 109: file z:/task_1562361253/build/src/ipc/chromium/src/chrome/common/ipc_channel_win.cc, line 341
[Parent 7016, Gecko_IOThread] WARNING: pipe error: 109: file z:/task_1562361253/build/src/ipc/chromium/src/chrome/common/ipc_channel_win.cc, line 341

###!!! [Child][MessageChannel] Error: (msgtype=0x600027,name=PNecko::Msg_RemoveRequestContext) Channel closing: too late to send/recv, messages will be lost


###!!! [Child][RunMessage] Error: Channel closing: too late to send/recv, messages will be lost


###!!! [Child][RunMessage] Error: Channel closing: too late to send/recv, messages will be lost


###!!! [Child][RunMessage] Error: Channel closing: too late to send/recv, messages will be lost


###!!! [Child][RunMessage] Error: Channel closing: too late to send/recv, messages will be lost

[Child 888, C
###!!! [Child][RunMessage] Error: Channel closing: too late to send/recv, messages will be lost

hrome_ChildThread] WARNING: pipe error: 109: file z:/task_15623
###!!! [Child][RunMessage] Error: Channel closing: too late to send/recv, messages will be lost

61253/build/src/ipc/chromium/src/chrome/common/ipc_channel_win.cc, line 341

###!!! [Child][RunMessage] Error: Channel closing: too late to send/recv, messages will be lost


###!!! [Child][RunMessage] Error: Channel closing: too late to send/recv, messages will be lost


###!!! [Child][RunMessage] Error: Channel closing: too late to send/recv, messages will be lost


###!!! [Child][RunMessage] Error: Channel closing: too late to send/recv, messages will be lost


###!!! [Child][RunMessage] Error: Channel closing: too late to send/recv, messages will be lost


###!!! [Child][RunMessage] Error: Channel closing: too late to send/recv, messages will be lost


###!!! [Child][RunMessage] Error: Channel closing: too late to send/recv, messages will be lost

[Parent 7016, Gecko_IOThread] WARNING: pipe error: 109: file z:/task_1562361253/build/src/ipc/chromium/src/chrome/common/ipc_channel_win.cc, line 341
[1562821155965	Marionette	INFO	Stopped listening on port 53597
[GP
###!!! [Child][RunMessage] Error: Channel closing: too late to send/recv, messages will be lost

U 11400, Chrome_ChildThread] WARNING: p
###!!! [Child][MessageChannel::SendAndWait] Error: Channel error: cannot send/recv

1562821173228	mozrunner::runner	INFO	Running command: "C:\\Program Files\\Mozilla Firefox\\firefox.exe" "-marionette" "-foreground" "-no-remote" "-profile" "C:\\Users\\shank\\AppData\\Local\\Temp\\rust_mozprofile.zfnSFiGOCIMR"
1562821174153	addons.webextension.screenshots@mozilla.org	WARN	Loading extension 'screenshots@mozilla.org': Reading manifest: Invalid extension permission: mozillaAddons
1562821174154	addons.webextension.screenshots@mozilla.org	WARN	Loading extension 'screenshots@mozilla.org': Reading manifest: Invalid extension permission: telemetry
1562821174154	addons.webextension.screenshots@mozilla.org	WARN	Loading extension 'screenshots@mozilla.org': Reading manifest: Invalid extension permission: resource://pdf.js/
1562821174155	addons.webextension.screenshots@mozilla.org	WARN	Loading extension 'screenshots@mozilla.org': Reading manifest: Invalid extension permission: about:reader*
1562821178073	Marionette	INFO	Listening on port 53658
1562821178552	Marionette	WARN	TLS certificate errors will be ignored for this session
JavaScript error: https://abs.twimg.com/k/en/init.en.061c4923cbd7c686d118.js, line 1: Error: Loading chunk 0 failed.
console.error: BroadcastService: 
  receivedBroadcastMessage: handler for
  remote-settings/monitor_changes
  threw error:
  Message: Error: Polling for changes failed: http://%(server)s/dummy/blocklist//buckets/monitor/collections/changes/records?_expected=%221562803205960%22 is not a valid URL..
  Stack:
    remoteSettingsFunction/remoteSettings.pollChanges@resource://services-settings/remote-settings.js:201:13

[Parent 7588, Gecko_IOThread] WARNING: pipe error: 109: file z:/task_1562361253/build/src/ipc/chromium/src/chrome/common/ipc_channel_win.cc, line 341
JavaScript error: https://abs.twimg.com/k/en/init.en.061c4923cbd7c686d118.js, line 1: Error: Loading chunk 0 failed.
JavaScript error: https://abs.twimg.com/k/en/init.en.061c4923cbd7c686d118.js, line 1: Error: Loading chunk 13 failed.
IPDL protocol error: Handler returned error code!

###!!! [Parent][DispatchAsyncMessage] Error: PLayerTransaction::Msg_ReleaseLayer Processing error: message was deserialized, but the handler returned false (indicating failure)

IPDL protocol error: Handler returned error code!

###!!! [Parent][DispatchAsyncMessage] Error: PLayerTransaction::Msg_ReleaseLayer Processing error: message was deserialized, but the handler returned false (indicating failure)

IPDL protocol error: Handler returned error code!

###!!! [Parent][DispatchAsyncMessage] Error: PLayerTransaction::Msg_ReleaseLayer Processing error: message was deserialized, but the handler returned false (indicating failure)

IPDL protocol error: Handler returned error code!

###!!! [Parent][DispatchAsyncMessage] Error: PLayerTransaction::Msg_ReleaseLayer Processing error: message was deserialized, but the handler returned false (indicating failure)

[Parent 7588, Gecko_IOThread] WARNING: pipe error: 109: file z:/task_1562361253/build/src/ipc/chromium/src/chrome/common/ipc_channel_win.cc, line 341
[Child 7576, Chrome_ChildThread] WARNING: pipe error: 109: file z:/task_1562361253/build/src/ipc/chromium/src/chrome/common/ipc_channel_win.cc, line 341
[Child 4784, Chrome_ChildThread] WARNING: pipe error: 109: file z:/task_1562361253/build/src/ipc/chromium/src/chrome/common/ipc_channel_win.cc, line 341
[Child 4784, Chrome_ChildThread] [Parent 7588, Gecko_IOThread] WARNING: file z:/task_1562361253/build/src/ipc/chromium/src/base/process_util_win.cc, line 160
[Parent 7588, Gecko_IOThread] WARNING: file z:/task_1562361253/build/src/ipc/chromium/src/base/process_util_win.cc, line 160
[Parent 7588, Gecko_IOThread] WARNING: pipe error: 109: file z:/task_1562361253/build/src/ipc/chromium/src/chrome/common/ipc_channel_win.cc, line 341
[Child 5356, Chrome_ChildThread] WARNING: pipe error: 109: file z:/task_1562361253/build/src/ipc/chromium/src/chrome/common/ipc_channel_win.cc, line 341
[Child 531562821286568	Marionette	INFO	Stopped listening on port 53658

###!!! [Child][RunMessage] Error: Channel closing: too late to send/recv, messages will be lost

[GPU 10196, Chrome_ChildThread] WARNING: pipe error: 109: file z:/task_1562361253/1562821384927	mozrunner::runner	INFO	Running command: "C:\\Program Files\\Mozilla Firefox\\firefox.exe" "-marionette" "-foreground" "-no-remote" "-profile" "C:\\Users\\shank\\AppData\\Local\\Temp\\rust_mozprofile.uPDbZBg6HP2M"
1562821387880	addons.webextension.screenshots@mozilla.org	WARN	Loading extension 'screenshots@mozilla.org': Reading manifest: Invalid extension permission: mozillaAddons
1562821387881	addons.webextension.screenshots@mozilla.org	WARN	Loading extension 'screenshots@mozilla.org': Reading manifest: Invalid extension permission: telemetry
1562821387881	addons.webextension.screenshots@mozilla.org	WARN	Loading extension 'screenshots@mozilla.org': Reading manifest: Invalid extension permission: resource://pdf.js/
1562821387882	addons.webextension.screenshots@mozilla.org	WARN	Loading extension 'screenshots@mozilla.org': Reading manifest: Invalid extension permission: about:reader*
1562821393022	Marionette	INFO	Listening on port 53746
1562821393511	Marionette	WARN	TLS certificate errors will be ignored for this session
JavaScript error: https://abs.twimg.com/k/en/init.en.061c4923cbd7c686d118.js, line 1: Error: Loading chunk 0 failed.
console.error: BroadcastService: 
  receivedBroadcastMessage: handler for
  remote-settings/monitor_changes
  threw error:
  Message: Error: Polling for changes failed: http://%(server)s/dummy/blocklist//buckets/monitor/collections/changes/records?_expected=%221562803205960%22 is not a valid URL..
  Stack:
    remoteSettingsFunction/remoteSettings.pollChanges@resource://services-settings/remote-settings.js:201:13

[Parent 13792, Gecko_IOThread] WARNING: pipe error: 109: file z:/task_1562361253/build/src/ipc/chromium/src/chrome/common/ipc_channel_win.cc, line 341
[Parent 13792, Gecko_IOThread] WARNING: pipe error: 109: file z:/task_1562361253/build/src/ipc/chromium/src/chrome/common/ipc_channel_win.cc, line 341
[Child 1168, Chrome_ChildThread] WARNING: pipe error: 109: file z:/task_1562361253/build/src/ipc/chromium/src/chrome/common/ipc_channel_win.cc, line 341
[Child 1168, C[Parent 13792, Gecko_IOThread] WARNING: file z:/task_1562361253/build/src/ipc/chromium/src/base/process_util_win.cc, line 160
[Parent 13792, Gecko_IOThread] WARNING: pipe error: 109: file z:/task_1562361253/build/src/ipc/chromium/src/chrome/common/ipc_channel_win.cc, line 341
[Child 14448, Chrome_ChildThread] WARNING: pipe error: 109: file z:/task_1562361253/build/src/ipc/chromium/src/chrome/common/ipc_channel_win.cc, line 341
[Child 14448, [Parent 13792, Gecko_IOThread] WARNING: file z:/task_1562361253/build/src/ipc/chromium/src/base/process_util_win.cc, line 160
1562821472246	Marionette	INFO	Stopped listening on port 53746
[GPU 10516, Chrome_ChildThread] WARNING:1562821508450	mozrunner::runner	INFO	Running command: "C:\\Program Files\\Mozilla Firefox\\firefox.exe" "-marionette" "-foreground" "-no-remote" "-profile" "C:\\Users\\shank\\AppData\\Local\\Temp\\rust_mozprofile.3nmOUBh9ysS5"
1562821510994	addons.webextension.screenshots@mozilla.org	WARN	Loading extension 'screenshots@mozilla.org': Reading manifest: Invalid extension permission: mozillaAddons
1562821510995	addons.webextension.screenshots@mozilla.org	WARN	Loading extension 'screenshots@mozilla.org': Reading manifest: Invalid extension permission: telemetry
1562821510995	addons.webextension.screenshots@mozilla.org	WARN	Loading extension 'screenshots@mozilla.org': Reading manifest: Invalid extension permission: resource://pdf.js/
1562821510996	addons.webextension.screenshots@mozilla.org	WARN	Loading extension 'screenshots@mozilla.org': Reading manifest: Invalid extension permission: about:reader*
1562821515048	Marionette	INFO	Listening on port 53819
1562821515431	Marionette	WARN	TLS certificate errors will be ignored for this session
JavaScript error: https://abs.twimg.com/k/en/init.en.061c4923cbd7c686d118.js, line 1: Error: Loading chunk 0 failed.
console.error: BroadcastService: 
  receivedBroadcastMessage: handler for
  remote-settings/monitor_changes
  threw error:
  Message: Error: Polling for changes failed: http://%(server)s/dummy/blocklist//buckets/monitor/collections/changes/records?_expected=%221562803205960%22 is not a valid URL..
  Stack:
    remoteSettingsFunction/remoteSettings.pollChanges@resource://services-settings/remote-settings.js:201:13

JavaScript error: https://abs.twimg.com/k/en/init.en.061c4923cbd7c686d118.js, line 1: Error: Loading chunk 13 failed.
[Parent 14972, Gecko_IOThread] WARNING: pipe error: 109: file z:/task_1562361253/build/src/ipc/chromium/srcJ/chroamvea/Sccormimpont/ip c_channeerlr_owri:n .htctcp, line 341
[Parent 14972,s G:ec//absk.ot_IOThread] WARNING: pipe error: 109: file z:/twask_1562361253/build/src/ipc/chromium/src/chrome/common/ipc_channel_winimg.c.occ, lmi/ne 341
k/en[/Child init.en.061c4923c140bd77c6286,d 1C1h8r.ome_Cjhsi,ldThread]  lWiAnReN 2:ING:  piTpe error: 109: filey pz:/teaEsrkr_or: s15e6s2s361io2nS53/buitlod/src/ipc/chrraogmium/src/chrome/coe mimosn/ ipcn_uclhla
nnel_win.cc, line 341
[[Parent 14972, Gecko_IOThread] WARNING: pipe error: 109: file z:/task_1562361253/build/src/ipc/chromium/src/chrome/common/ipc_channel_win.cc, line 341
[Child 1116, Chrome_ChildThread] WARNING: pipe error: 109: file z:/task_1562361253/build/src/ipc/chromium/src/chrome/common/ipc_channel_win.cc, line 341
[Child 1116, Chrome_ChildThread] WARNING: pipe error: 109: file z:/task_1562361253/build/src/ipc/chromium/src/chrome/common/ipc_channel_win.cc, line 1562821555274	Marionette	INFO	Stopped listening on port 53819

###!!! [Child][RunMessage] Error: Channel closing: too late to send/recv, messages will be lost

[GPU 10468, Chrome_ChildThread] WARNING: pipe error: 109: file z:/task_15623612
###!!! [Child][MessageChannel::SendAndWait] Error: Channel error: cannot send/recv

1562821593374	mozrunner::runner	INFO	Running command: "C:\\Program Files\\Mozilla Firefox\\firefox.exe" "-marionette" "-foreground" "-no-remote" "-profile" "C:\\Users\\shank\\AppData\\Local\\Temp\\rust_mozprofile.7QLtrYhfgNJ4"
1562821594244	addons.webextension.screenshots@mozilla.org	WARN	Loading extension 'screenshots@mozilla.org': Reading manifest: Invalid extension permission: mozillaAddons
1562821594244	addons.webextension.screenshots@mozilla.org	WARN	Loading extension 'screenshots@mozilla.org': Reading manifest: Invalid extension permission: telemetry
1562821594245	addons.webextension.screenshots@mozilla.org	WARN	Loading extension 'screenshots@mozilla.org': Reading manifest: Invalid extension permission: resource://pdf.js/
1562821594245	addons.webextension.screenshots@mozilla.org	WARN	Loading extension 'screenshots@mozilla.org': Reading manifest: Invalid extension permission: about:reader*
1562821597857	Marionette	INFO	Listening on port 53897
1562821598218	Marionette	WARN	TLS certificate errors will be ignored for this session
JavaScript error: https://abs.twimg.com/k/en/init.en.061c4923cbd7c686d118.js, line 1: Error: Loading chunk 0 failed.
JavaScript error: https://abs.twimg.com/k/en/init.en.061c4923cbd7c686d118.js, line 1: Error: Loading chunk 13 failed.
JavaScript error: https://abs.twimg.com/k/en/init.en.061c4923cbd7c686d118.js, line 1: Error: Loading chunk 13 failed.
JavaScript error: https://abs.twimg.com/k/en/init.en.061c4923cbd7c686d118.js, line 1: Error: Loading chunk 13 failed.
JavaScript error: https://abs.twimg.com/k/en/init.en.061c4923cbd7c686d118.js, line 1: Error: Loading chunk 13 failed.
console.error: BroadcastService: 
  receivedBroadcastMessage: handler for
  remote-settings/monitor_changes
  threw error:
  Message: Error: Polling for changes failed: http://%(server)s/dummy/blocklist//buckets/monitor/collections/changes/records?_expected=%221562803205960%22 is not a valid URL..
  Stack:
    remoteSettingsFunction/remoteSettings.pollChanges@resource://services-settings/remote-settings.js:201:13

IPDL protocol error: Handler returned error code!

###!!! [Parent][DispatchAsyncMessage] Error: PLayerTransaction::Msg_ReleaseLayer Processing error: message was deserialized, but the handler returned false (indicating failure)

IPDL protocol error: Handler returned error code!

###!!! [Parent][DispatchAsyncMessage] Error: PLayerTransaction::Msg_ReleaseLayer Processing error: message was deserialized, but the handler returned false (indicating failure)

IPDL protocol error: Handler returned error code!

###!!! [Parent][DispatchAsyncMessage] Error: PLayerTransaction::Msg_ReleaseLayer Processing error: message was deserialized, but the handler returned false (indicating failure)

IPDL protocol error: Handler returned error code!

###!!! [Parent][DispatchAsyncMessage] Error: PLayerTransaction::Msg_ReleaseLayer Processing error: message was deserialized, but the handler returned false (indicating failure)

[Parent 11896, Gecko_IOThread] WARNING: pipe error: 109: file z:/task_1562361253/build/src/ipc/chromium/src/chrome/common/ipc_channel_win.cc, line 341
[Parent 11896, Gecko_IOThread] WARNING: pipe error: 109: file z:/task_1562361253/build/src/ipc/chromium/src/chrome/common/ipc_channel_win.cc, line 341
[Child 7772, Chrome_ChildThread] WARNING: pipe error: 109: file z:/task_1562361253/build/src/ipc/chromium/src/chrome/common/ipc_channel_win.cc, line 341
[[Parent 11896, Gecko_IOThread] WARNING: pipe error: 109: file z:/task_1562361253/build/src/ipc/chromium/src/chrome/common/ipc_channel_win.cc, line 341
[Child 7848, Chrome_ChildThread] WARNING: pipe error: 109: file z:/task_1562361253/build/src/ipc/chromium/src/chrome/common/ipc_channel_win.cc, line 341
[Child 7848, Chr1562821784158	Marionette	INFO	Stopped listening on port 53897

###!!! [Child][RunMessage] Error: Channel closing: too late to send/recv, messages will be lost

